<?xml version="1.0" encoding="UTF-8"?>
<!-- Generated by org.testng.reporters.JUnitReportReporter -->
<testsuite hostname="DESKTOP-BQ7QMP0" failures="0" tests="1" name="ListenersImp.RetryFailureTest" time="0.020" errors="0" timestamp="2025-04-11T16:01:26 IST" skipped="0">
  <testcase classname="ListenersImp.RetryFailureTest" name="activatesim" time="0.020"/>
  <system-out/>
</testsuite> <!-- ListenersImp.RetryFailureTest -->
