<?xml version="1.0" encoding="UTF-8"?>
<!-- Generated by org.testng.reporters.JUnitReportReporter -->
<testsuite hostname="DESKTOP-BQ7QMP0" failures="0" tests="1" name="DataProvider.DP_Using_EXcel" time="0.000" errors="0" timestamp="2025-04-18T15:56:32 IST" skipped="1">
  <testcase classname="DataProvider.DP_Using_EXcel" name="sample" time="0.000">
    <skipped/>
  </testcase> <!-- sample -->
  <system-out/>
</testsuite> <!-- DataProvider.DP_Using_EXcel -->
