<?xml version="1.0" encoding="UTF-8"?>
<!-- Generated by org.testng.reporters.JUnitReportReporter -->
<testsuite hostname="DESKTOP-BQ7QMP0" failures="0" tests="3" name="DataProvider.CreateContact_DP" time="0.032" errors="0" timestamp="2025-04-03T15:47:04 IST" skipped="0">
  <testcase classname="DataProvider.CreateContact_DP" name="createContact" time="0.022"/>
  <system-out/>
  <testcase classname="DataProvider.CreateContact_DP" name="createContact" time="0.004"/>
  <system-out/>
  <testcase classname="DataProvider.CreateContact_DP" name="createContact" time="0.006"/>
  <system-out/>
</testsuite> <!-- DataProvider.CreateContact_DP -->
