<?xml version="1.0" encoding="UTF-8"?>
<!-- Generated by org.testng.reporters.JUnitReportReporter -->
<testsuite hostname="DESKTOP-BQ7QMP0" failures="0" tests="1" name="Screenshot.SampleScreenshot" time="4.836" errors="0" timestamp="2025-04-09T18:23:13 IST" skipped="0">
  <testcase classname="Screenshot.SampleScreenshot" name="SS" time="4.836"/>
  <system-out/>
</testsuite> <!-- Screenshot.SampleScreenshot -->
