<?xml version="1.0" encoding="UTF-8"?>
<!-- Generated by org.testng.reporters.JUnitReportReporter -->
<testsuite hostname="DESKTOP-BQ7QMP0" failures="0" tests="2" name="ConfigAnnotation.CreateCamp" time="13.001" errors="0" timestamp="2025-04-07T09:50:13 IST" skipped="0">
  <testcase classname="ConfigAnnotation.CreateCamp" name="createCampWithDate" time="6.955"/>
  <system-out/>
  <testcase classname="ConfigAnnotation.CreateCamp" name="createCampaign" time="6.046"/>
  <system-out/>
</testsuite> <!-- ConfigAnnotation.CreateCamp -->
